2026-02-02T17:40:23.738Z DEBUG RegistrationParameters: port=28196
2026-02-02T17:40:23.740Z DEBUG RegistrationParameters: pluginUUID=065ea305f21cb96004c5d45e6db4dd05
2026-02-02T17:40:23.740Z DEBUG RegistrationParameters: registerEvent=registerPlugin
2026-02-02T17:40:23.740Z DEBUG RegistrationParameters: info={"application":{"font":"Segoe UI","language":"en","platform":"windows","platformVersion":"10.0.26200","version":"7.2.1.22472"},"colors":{"buttonMouseOverBackgroundColor":"#464646FF","buttonPressedBackgroundColor":"#303030FF","buttonPressedBorderColor":"#646464FF","buttonPressedTextColor":"#969696FF","highlightColor":"#0078FFFF"},"devicePixelRatio":1,"devices":[{"id":"f79b94a5429159f608a13b8d21708d32","name":"Stream Deck","size":{"columns":5,"rows":3},"type":0}],"plugin":{"uuid":"com.bilalelhoudaigui.stream-prayer-time","version":"0.1.0.0"}}
2026-02-02T17:40:23.752Z TRACE Connection: {"device":"f79b94a5429159f608a13b8d21708d32","deviceInfo":{"name":"Stream Deck","size":{"columns":5,"rows":3},"type":0},"event":"deviceDidConnect"}
2026-02-02T17:40:37.538Z TRACE Connection: {"device":"f79b94a5429159f608a13b8d21708d32","event":"deviceDidDisconnect"}
2026-02-02T17:40:42.005Z TRACE Connection: {"device":"f79b94a5429159f608a13b8d21708d32","deviceInfo":{"name":"Stream Deck","size":{"columns":5,"rows":3},"type":0},"event":"deviceDidConnect"}
2026-02-02T17:41:53.797Z TRACE Connection: {"action":"com.bilalelhoudaigui.stream-prayer-time.increment","context":"fcc72501043243fd27ec5725032579a2","device":"f79b94a5429159f608a13b8d21708d32","event":"willAppear","payload":{"controller":"Keypad","coordinates":{"column":0,"row":0},"isInMultiAction":false,"resources":{},"settings":{}}}
2026-02-02T17:41:53.798Z TRACE Connection: {"action":"com.bilalelhoudaigui.stream-prayer-time.increment","context":"fcc72501043243fd27ec5725032579a2","device":"f79b94a5429159f608a13b8d21708d32","event":"titleParametersDidChange","payload":{"controller":"Keypad","coordinates":{"column":0,"row":0},"isInMultiAction":false,"resources":{},"settings":{},"state":0,"title":"","titleParameters":{"fontFamily":"","fontSize":12,"fontStyle":"","fontUnderline":false,"showTitle":true,"titleAlignment":"middle","titleColor":"#ffffff"}}}
2026-02-02T17:41:53.799Z TRACE Connection: {"event":"setTitle","context":"fcc72501043243fd27ec5725032579a2","payload":{"title":"0"}}
2026-02-02T17:41:54.024Z TRACE Connection: {"action":"com.bilalelhoudaigui.stream-prayer-time.increment","context":"fcc72501043243fd27ec5725032579a2","device":"f79b94a5429159f608a13b8d21708d32","event":"propertyInspectorDidAppear"}
2026-02-02T17:41:57.522Z TRACE Connection: {"action":"com.bilalelhoudaigui.stream-prayer-time.increment","context":"fcc72501043243fd27ec5725032579a2","device":"f79b94a5429159f608a13b8d21708d32","event":"keyDown","payload":{"controller":"Keypad","coordinates":{"column":0,"row":0},"isInMultiAction":false,"resources":{},"settings":{}}}
2026-02-02T17:41:57.522Z TRACE Connection: {"event":"setSettings","context":"fcc72501043243fd27ec5725032579a2","payload":{"incrementBy":1,"count":1}}
2026-02-02T17:41:57.523Z TRACE Connection: {"event":"setTitle","context":"fcc72501043243fd27ec5725032579a2","payload":{"title":"1"}}
2026-02-02T17:41:57.737Z TRACE Connection: {"action":"com.bilalelhoudaigui.stream-prayer-time.increment","context":"fcc72501043243fd27ec5725032579a2","device":"f79b94a5429159f608a13b8d21708d32","event":"keyUp","payload":{"controller":"Keypad","coordinates":{"column":0,"row":0},"isInMultiAction":false,"resources":{},"settings":{"count":1,"incrementBy":1}}}
2026-02-02T17:41:59.425Z TRACE Connection: {"action":"com.bilalelhoudaigui.stream-prayer-time.increment","context":"fcc72501043243fd27ec5725032579a2","device":"f79b94a5429159f608a13b8d21708d32","event":"keyDown","payload":{"controller":"Keypad","coordinates":{"column":0,"row":0},"isInMultiAction":false,"resources":{},"settings":{"count":1,"incrementBy":1}}}
2026-02-02T17:41:59.425Z TRACE Connection: {"event":"setSettings","context":"fcc72501043243fd27ec5725032579a2","payload":{"count":2,"incrementBy":1}}
2026-02-02T17:41:59.426Z TRACE Connection: {"event":"setTitle","context":"fcc72501043243fd27ec5725032579a2","payload":{"title":"2"}}
2026-02-02T17:41:59.591Z TRACE Connection: {"action":"com.bilalelhoudaigui.stream-prayer-time.increment","context":"fcc72501043243fd27ec5725032579a2","device":"f79b94a5429159f608a13b8d21708d32","event":"keyUp","payload":{"controller":"Keypad","coordinates":{"column":0,"row":0},"isInMultiAction":false,"resources":{},"settings":{"count":2,"incrementBy":1}}}
2026-02-02T17:41:59.992Z TRACE Connection: {"action":"com.bilalelhoudaigui.stream-prayer-time.increment","context":"fcc72501043243fd27ec5725032579a2","device":"f79b94a5429159f608a13b8d21708d32","event":"keyDown","payload":{"controller":"Keypad","coordinates":{"column":0,"row":0},"isInMultiAction":false,"resources":{},"settings":{"count":2,"incrementBy":1}}}
2026-02-02T17:41:59.992Z TRACE Connection: {"event":"setSettings","context":"fcc72501043243fd27ec5725032579a2","payload":{"count":3,"incrementBy":1}}
2026-02-02T17:41:59.993Z TRACE Connection: {"event":"setTitle","context":"fcc72501043243fd27ec5725032579a2","payload":{"title":"3"}}
2026-02-02T17:42:00.108Z TRACE Connection: {"action":"com.bilalelhoudaigui.stream-prayer-time.increment","context":"fcc72501043243fd27ec5725032579a2","device":"f79b94a5429159f608a13b8d21708d32","event":"keyUp","payload":{"controller":"Keypad","coordinates":{"column":0,"row":0},"isInMultiAction":false,"resources":{},"settings":{"count":3,"incrementBy":1}}}
2026-02-02T17:42:00.392Z TRACE Connection: {"action":"com.bilalelhoudaigui.stream-prayer-time.increment","context":"fcc72501043243fd27ec5725032579a2","device":"f79b94a5429159f608a13b8d21708d32","event":"keyDown","payload":{"controller":"Keypad","coordinates":{"column":0,"row":0},"isInMultiAction":false,"resources":{},"settings":{"count":3,"incrementBy":1}}}
2026-02-02T17:42:00.392Z TRACE Connection: {"event":"setSettings","context":"fcc72501043243fd27ec5725032579a2","payload":{"count":4,"incrementBy":1}}
2026-02-02T17:42:00.392Z TRACE Connection: {"event":"setTitle","context":"fcc72501043243fd27ec5725032579a2","payload":{"title":"4"}}
2026-02-02T17:42:00.521Z TRACE Connection: {"action":"com.bilalelhoudaigui.stream-prayer-time.increment","context":"fcc72501043243fd27ec5725032579a2","device":"f79b94a5429159f608a13b8d21708d32","event":"keyUp","payload":{"controller":"Keypad","coordinates":{"column":0,"row":0},"isInMultiAction":false,"resources":{},"settings":{"count":4,"incrementBy":1}}}
2026-02-02T17:42:00.739Z TRACE Connection: {"action":"com.bilalelhoudaigui.stream-prayer-time.increment","context":"fcc72501043243fd27ec5725032579a2","device":"f79b94a5429159f608a13b8d21708d32","event":"keyDown","payload":{"controller":"Keypad","coordinates":{"column":0,"row":0},"isInMultiAction":false,"resources":{},"settings":{"count":4,"incrementBy":1}}}
2026-02-02T17:42:00.740Z TRACE Connection: {"event":"setSettings","context":"fcc72501043243fd27ec5725032579a2","payload":{"count":5,"incrementBy":1}}
2026-02-02T17:42:00.740Z TRACE Connection: {"event":"setTitle","context":"fcc72501043243fd27ec5725032579a2","payload":{"title":"5"}}
2026-02-02T17:42:00.791Z TRACE Connection: {"action":"com.bilalelhoudaigui.stream-prayer-time.increment","context":"fcc72501043243fd27ec5725032579a2","device":"f79b94a5429159f608a13b8d21708d32","event":"keyUp","payload":{"controller":"Keypad","coordinates":{"column":0,"row":0},"isInMultiAction":false,"resources":{},"settings":{"count":5,"incrementBy":1}}}
2026-02-02T17:42:00.895Z TRACE Connection: {"action":"com.bilalelhoudaigui.stream-prayer-time.increment","context":"fcc72501043243fd27ec5725032579a2","device":"f79b94a5429159f608a13b8d21708d32","event":"keyDown","payload":{"controller":"Keypad","coordinates":{"column":0,"row":0},"isInMultiAction":false,"resources":{},"settings":{"count":5,"incrementBy":1}}}
2026-02-02T17:42:00.895Z TRACE Connection: {"event":"setSettings","context":"fcc72501043243fd27ec5725032579a2","payload":{"count":6,"incrementBy":1}}
2026-02-02T17:42:00.896Z TRACE Connection: {"event":"setTitle","context":"fcc72501043243fd27ec5725032579a2","payload":{"title":"6"}}
2026-02-02T17:42:01.008Z TRACE Connection: {"action":"com.bilalelhoudaigui.stream-prayer-time.increment","context":"fcc72501043243fd27ec5725032579a2","device":"f79b94a5429159f608a13b8d21708d32","event":"keyUp","payload":{"controller":"Keypad","coordinates":{"column":0,"row":0},"isInMultiAction":false,"resources":{},"settings":{"count":6,"incrementBy":1}}}
